<?xml version="1.0" encoding="UTF-8"?>
<!-- Generated by org.testng.reporters.JUnitReportReporter -->
<testsuite hostname="LAPTOP-AL92JHEI" failures="0" tests="3" name="com.CRM.VTiger.Practice.DataProviderPractice" time="0.018" errors="0" timestamp="2023-09-27T11:06:16 IST" skipped="0">
  <testcase classname="com.CRM.VTiger.Practice.DataProviderPractice" name="Create" time="0.002"/>
  <testcase classname="com.CRM.VTiger.Practice.DataProviderPractice" name="Create" time="0.003"/>
  <testcase classname="com.CRM.VTiger.Practice.DataProviderPractice" name="Create" time="0.013"/>
</testsuite> <!-- com.CRM.VTiger.Practice.DataProviderPractice -->
